<?xml version="1.0" encoding="UTF-8"?>
<testsuite xmlns:xsi="http://www.w3.org/2001/XMLSchema-instance" xsi:noNamespaceSchemaLocation="https://maven.apache.org/surefire/maven-surefire-plugin/xsd/surefire-test-report-3.0.xsd" version="3.0" name="TestSuite" time="38.64" tests="1" errors="0" skipped="0" failures="0">
  <properties>
[...]
</properties>
  <testcase name="eneToendTest" classname="com.testautomation.apitesting.tests.AllureReportGeneration" time="29.98">
    <system-out><![CDATA[{
    "bookingid": 4587,
    "booking": {
        "firstname": "ShriRam",
        "lastname": "Hanuman",
        "totalprice": 111,
        "depositpaid": true,
        "bookingdates": {
            "checkin": "2018-01-01",
            "checkout": "2019-01-01"
        },
        "additionalneeds": "Breakfast"
    }
}
16:50:44.751 [main] ERROR com.testatomation.apitesting.listener.RestAssuredLisetner - 
 Method=>POST
 URI => https://restful-booker.herokuapp.com/booking
 Request Body=> {
    "bookingid": 4587,
    "booking": {
        "firstname": "ShriRam",
        "lastname": "Hanuman",
        "totalprice": 111,
        "depositpaid": true,
        "bookingdates": {
            "checkin": "2018-01-01",
            "checkout": "2019-01-01"
        },
        "additionalneeds": "Breakfast"
    }
}
{
    "firstname": "ShriRam",
    "lastname": "Hanuman",
    "totalprice": 111,
    "depositpaid": true,
    "bookingdates": {
        "checkin": "2018-01-01",
        "checkout": "2019-01-01"
    },
    "additionalneeds": "Breakfast"
}
16:50:51.510 [main] ERROR com.testatomation.apitesting.listener.RestAssuredLisetner - 
 Method=>GET
 URI => https://restful-booker.herokuapp.com/booking/4587
 Request Body=> {
    "firstname": "ShriRam",
    "lastname": "Hanuman",
    "totalprice": 111,
    "depositpaid": true,
    "bookingdates": {
        "checkin": "2018-01-01",
        "checkout": "2019-01-01"
    },
    "additionalneeds": "Breakfast"
}
HTTP/1.1 201 Created
Server: Cowboy
Connection: keep-alive
X-Powered-By: Express
Content-Type: text/plain; charset=utf-8
Content-Length: 7
Etag: W/"7-rM9AyJuqT6iOan/xHh+AW+7K/T8"
Date: Mon, 29 May 2023 11:21:02 GMT
Via: 1.1 vegur

Created
]]></system-out>
  </testcase>
</testsuite>